# stats: dump at 1430474020
stats: users 2 5
stats: session 39 271.25045072115387 78.43612610885847 551.196044921875 166.197021484375 0 0
stats: users_count 41 41
stats: finish_users_count 39 39
stats: request 117 89.65966588207799 71.56184845883234 464.8349609375 30.9150390625 0 0
stats: page 39 269.28667117387823 77.91884198298123 543.35888671875 164.091064453125 0 0
stats: connect 39 67.54522861578526 63.588625982076096 399.671875 31.3759765625 0 0
stats: 200 78 78
stats: size_rcv 962403 962403
stats: size_sent 7527 7527
stats: connected 0 0
stats: 404 39 39
# stats: dump at 1430474030
stats: users 5 7
stats: session 56 267.39181082589283 75.98352009642083 551.196044921875 163.84521484375 271.25045072115387 39
stats: users_count 59 100
stats: finish_users_count 56 95
stats: request 165 87.49571644176135 68.89018136054797 464.8349609375 30.4599609375 89.65966588207799 117
stats: page 54 260.9749439380787 72.9995873350464 543.35888671875 162.213134765625 269.28667117387823 39
stats: connect 58 59.354079674030174 36.2083018862956 399.671875 31.052001953125 67.54522861578526 39
stats: 200 110 188
stats: size_rcv 1360950 2323353
stats: size_sent 10847 18374
stats: connected 4 4
stats: 404 55 94
# stats: dump at 1430474040
stats: users 2 7
stats: session 62 291.11722687752024 82.8748317677357 551.196044921875 163.84521484375 268.9758840460526 95
stats: users_count 59 159
stats: finish_users_count 62 157
stats: request 187 96.81403012199196 77.01208119812713 464.8349609375 30.4599609375 88.39352525210549 282
stats: page 63 291.6050812251984 84.10221002396392 543.35888671875 162.213134765625 264.46050697244624 93
stats: connect 60 70.0389485677083 44.84650581734278 399.671875 31.052001953125 62.64742821762242 97
stats: 200 125 313
stats: size_rcv 1541014 3864367
stats: size_sent 11852 30226
stats: connected -3 1
stats: 404 62 156
# stats: dump at 1430474050
stats: users 1 7
stats: session 47 255.09223840591747 70.7009337644499 551.196044921875 163.84521484375 277.7195990495621 157
stats: users_count 46 205
stats: finish_users_count 47 204
stats: request 129 84.28689551538275 65.50150885439182 464.8349609375 30.4599609375 91.75095469916045 469
stats: page 43 251.22571084665697 71.03903176624276 543.35888671875 162.213134765625 275.42273888221155 156
stats: connect 45 57.966243489583334 32.914420148241064 399.671875 31.052001953125 65.472213064789 157
stats: 200 86 399
stats: size_rcv 1061351 4925718
stats: size_sent 8413 38639
stats: connected 2 3
stats: 404 43 199
# stats: dump at 1430474060
stats: users 1 7
stats: session 61 263.41305792136257 74.92182967359282 551.196044921875 163.326171875 272.5064326267616 204
stats: users_count 61 266
stats: finish_users_count 61 265
stats: request 186 89.72159699470764 68.93091810438554 464.8349609375 30.4599609375 90.14081484179034 598
stats: page 61 264.6248719262294 74.70859810436895 543.35888671875 161.545166015625 270.19423533684045 199
stats: connect 62 62.63853799143145 40.69592731952199 399.671875 31.052001953125 63.80009112971843 202
stats: 200 125 524
stats: size_rcv 1533929 6459647
stats: size_sent 12027 50666
stats: connected 1 4
stats: 404 62 261
# stats: dump at 1430474070
stats: users 0 7
stats: session 35 269.10730329241073 66.69436403692438 551.196044921875 163.326171875 270.41324071344326 265
stats: users_count 34 300
stats: finish_users_count 35 300
stats: request 116 85.14102488550645 66.94825396878886 464.8349609375 30.4599609375 90.04135754643654 784
stats: 200 76 600
stats: page 40 265.58056640625 67.33445279234682 543.35888671875 161.545166015625 268.8875769981971 260
stats: connect 36 65.67328559027777 45.755876903759216 399.671875 30.982177734375 63.52730213512074 264
stats: size_rcv 945373 7405020
stats: size_sent 7234 57900
stats: connected -4 0
stats: 404 39 300
# stats: dump at 1430474071
stats: users 0 7
stats: session 0 0 0 551.196044921875 163.326171875 270.2608813476561 300
stats: users_count 0 300
stats: finish_users_count 0 300
stats: connect 0 0 0 399.671875 30.982177734375 63.78482014973958 300
stats: 200 0 600
stats: page 0 0 0 543.35888671875 161.545166015625 268.4466422526042 300
stats: request 0 0 0 464.8349609375 30.4599609375 89.40975911458334 900
stats: size_rcv 0 7405020
stats: size_sent 0 57900
stats: connected 0 0
stats: 404 0 300
EndMonitor:{1430,474071,680194}
